[2023-08-29 19:34:25,221] {processor.py:153} INFO - Started process (PID=18006) to work on /home/felipe/extracao_dados/venv/lib/python3.9/site-packages/airflow/example_dags/example_trigger_controller_dag.py
[2023-08-29 19:34:25,224] {processor.py:641} INFO - Processing file /home/felipe/extracao_dados/venv/lib/python3.9/site-packages/airflow/example_dags/example_trigger_controller_dag.py for tasks to queue
[2023-08-29 19:34:25,227] {logging_mixin.py:115} INFO - [2023-08-29 19:34:25,226] {dagbag.py:507} INFO - Filling up the DagBag from /home/felipe/extracao_dados/venv/lib/python3.9/site-packages/airflow/example_dags/example_trigger_controller_dag.py
[2023-08-29 19:34:25,373] {processor.py:651} INFO - DAG(s) dict_keys(['example_trigger_controller_dag']) retrieved from /home/felipe/extracao_dados/venv/lib/python3.9/site-packages/airflow/example_dags/example_trigger_controller_dag.py
[2023-08-29 19:34:26,695] {logging_mixin.py:115} INFO - [2023-08-29 19:34:26,694] {manager.py:508} INFO - Created Permission View: can delete on DAG:example_trigger_controller_dag
[2023-08-29 19:34:26,756] {logging_mixin.py:115} INFO - [2023-08-29 19:34:26,755] {manager.py:508} INFO - Created Permission View: can read on DAG:example_trigger_controller_dag
[2023-08-29 19:34:26,799] {logging_mixin.py:115} INFO - [2023-08-29 19:34:26,799] {manager.py:508} INFO - Created Permission View: can edit on DAG:example_trigger_controller_dag
[2023-08-29 19:34:26,800] {logging_mixin.py:115} INFO - [2023-08-29 19:34:26,800] {dag.py:2379} INFO - Sync 1 DAGs
[2023-08-29 19:34:27,093] {logging_mixin.py:115} INFO - [2023-08-29 19:34:27,093] {dag.py:2398} INFO - Creating ORM DAG for example_trigger_controller_dag
[2023-08-29 19:34:27,236] {logging_mixin.py:115} INFO - [2023-08-29 19:34:27,235] {dag.py:2927} INFO - Setting next_dagrun for example_trigger_controller_dag to 2021-01-01T00:00:00+00:00, run_after=2021-01-01T00:00:00+00:00
[2023-08-29 19:34:27,401] {processor.py:161} INFO - Processing /home/felipe/extracao_dados/venv/lib/python3.9/site-packages/airflow/example_dags/example_trigger_controller_dag.py took 2.323 seconds
[2023-08-29 19:36:48,227] {processor.py:153} INFO - Started process (PID=19325) to work on /home/felipe/extracao_dados/venv/lib/python3.9/site-packages/airflow/example_dags/example_trigger_controller_dag.py
[2023-08-29 19:36:48,229] {processor.py:641} INFO - Processing file /home/felipe/extracao_dados/venv/lib/python3.9/site-packages/airflow/example_dags/example_trigger_controller_dag.py for tasks to queue
[2023-08-29 19:36:48,231] {logging_mixin.py:115} INFO - [2023-08-29 19:36:48,231] {dagbag.py:507} INFO - Filling up the DagBag from /home/felipe/extracao_dados/venv/lib/python3.9/site-packages/airflow/example_dags/example_trigger_controller_dag.py
[2023-08-29 19:36:48,306] {processor.py:651} INFO - DAG(s) dict_keys(['example_trigger_controller_dag']) retrieved from /home/felipe/extracao_dados/venv/lib/python3.9/site-packages/airflow/example_dags/example_trigger_controller_dag.py
[2023-08-29 19:36:48,584] {logging_mixin.py:115} INFO - [2023-08-29 19:36:48,583] {dag.py:2379} INFO - Sync 1 DAGs
[2023-08-29 19:36:48,889] {logging_mixin.py:115} INFO - [2023-08-29 19:36:48,889] {dag.py:2927} INFO - Setting next_dagrun for example_trigger_controller_dag to 2021-01-01T00:00:00+00:00, run_after=2021-01-01T00:00:00+00:00
[2023-08-29 19:36:48,972] {processor.py:161} INFO - Processing /home/felipe/extracao_dados/venv/lib/python3.9/site-packages/airflow/example_dags/example_trigger_controller_dag.py took 0.838 seconds
[2023-08-29 19:38:14,088] {processor.py:153} INFO - Started process (PID=20010) to work on /home/felipe/extracao_dados/venv/lib/python3.9/site-packages/airflow/example_dags/example_trigger_controller_dag.py
[2023-08-29 19:38:14,090] {processor.py:641} INFO - Processing file /home/felipe/extracao_dados/venv/lib/python3.9/site-packages/airflow/example_dags/example_trigger_controller_dag.py for tasks to queue
[2023-08-29 19:38:14,093] {logging_mixin.py:115} INFO - [2023-08-29 19:38:14,092] {dagbag.py:507} INFO - Filling up the DagBag from /home/felipe/extracao_dados/venv/lib/python3.9/site-packages/airflow/example_dags/example_trigger_controller_dag.py
[2023-08-29 19:38:14,172] {processor.py:651} INFO - DAG(s) dict_keys(['example_trigger_controller_dag']) retrieved from /home/felipe/extracao_dados/venv/lib/python3.9/site-packages/airflow/example_dags/example_trigger_controller_dag.py
[2023-08-29 19:38:14,548] {logging_mixin.py:115} INFO - [2023-08-29 19:38:14,548] {dag.py:2379} INFO - Sync 1 DAGs
[2023-08-29 19:38:14,872] {logging_mixin.py:115} INFO - [2023-08-29 19:38:14,872] {dag.py:2927} INFO - Setting next_dagrun for example_trigger_controller_dag to 2021-01-01T00:00:00+00:00, run_after=2021-01-01T00:00:00+00:00
[2023-08-29 19:38:14,927] {processor.py:161} INFO - Processing /home/felipe/extracao_dados/venv/lib/python3.9/site-packages/airflow/example_dags/example_trigger_controller_dag.py took 0.928 seconds
