[2023-08-29 19:33:58,449] {processor.py:153} INFO - Started process (PID=17823) to work on /home/felipe/extracao_dados/venv/lib/python3.9/site-packages/airflow/example_dags/tutorial_taskflow_api_etl.py
[2023-08-29 19:33:58,452] {processor.py:641} INFO - Processing file /home/felipe/extracao_dados/venv/lib/python3.9/site-packages/airflow/example_dags/tutorial_taskflow_api_etl.py for tasks to queue
[2023-08-29 19:33:58,457] {logging_mixin.py:115} INFO - [2023-08-29 19:33:58,457] {dagbag.py:507} INFO - Filling up the DagBag from /home/felipe/extracao_dados/venv/lib/python3.9/site-packages/airflow/example_dags/tutorial_taskflow_api_etl.py
[2023-08-29 19:33:58,785] {processor.py:651} INFO - DAG(s) dict_keys(['tutorial_taskflow_api_etl']) retrieved from /home/felipe/extracao_dados/venv/lib/python3.9/site-packages/airflow/example_dags/tutorial_taskflow_api_etl.py
[2023-08-29 19:33:59,766] {logging_mixin.py:115} INFO - [2023-08-29 19:33:59,766] {manager.py:508} INFO - Created Permission View: can delete on DAG:tutorial_taskflow_api_etl
[2023-08-29 19:33:59,904] {logging_mixin.py:115} INFO - [2023-08-29 19:33:59,902] {manager.py:508} INFO - Created Permission View: can read on DAG:tutorial_taskflow_api_etl
[2023-08-29 19:33:59,943] {logging_mixin.py:115} INFO - [2023-08-29 19:33:59,942] {manager.py:508} INFO - Created Permission View: can edit on DAG:tutorial_taskflow_api_etl
[2023-08-29 19:33:59,944] {logging_mixin.py:115} INFO - [2023-08-29 19:33:59,943] {dag.py:2379} INFO - Sync 1 DAGs
[2023-08-29 19:34:00,064] {logging_mixin.py:115} INFO - [2023-08-29 19:34:00,064] {dag.py:2398} INFO - Creating ORM DAG for tutorial_taskflow_api_etl
[2023-08-29 19:34:00,194] {logging_mixin.py:115} INFO - [2023-08-29 19:34:00,193] {dag.py:2927} INFO - Setting next_dagrun for tutorial_taskflow_api_etl to None, run_after=None
[2023-08-29 19:34:00,349] {processor.py:161} INFO - Processing /home/felipe/extracao_dados/venv/lib/python3.9/site-packages/airflow/example_dags/tutorial_taskflow_api_etl.py took 2.004 seconds
[2023-08-29 19:36:31,152] {processor.py:153} INFO - Started process (PID=19170) to work on /home/felipe/extracao_dados/venv/lib/python3.9/site-packages/airflow/example_dags/tutorial_taskflow_api_etl.py
[2023-08-29 19:36:31,224] {processor.py:641} INFO - Processing file /home/felipe/extracao_dados/venv/lib/python3.9/site-packages/airflow/example_dags/tutorial_taskflow_api_etl.py for tasks to queue
[2023-08-29 19:36:31,225] {logging_mixin.py:115} INFO - [2023-08-29 19:36:31,225] {dagbag.py:507} INFO - Filling up the DagBag from /home/felipe/extracao_dados/venv/lib/python3.9/site-packages/airflow/example_dags/tutorial_taskflow_api_etl.py
[2023-08-29 19:36:31,423] {processor.py:651} INFO - DAG(s) dict_keys(['tutorial_taskflow_api_etl']) retrieved from /home/felipe/extracao_dados/venv/lib/python3.9/site-packages/airflow/example_dags/tutorial_taskflow_api_etl.py
[2023-08-29 19:36:31,764] {logging_mixin.py:115} INFO - [2023-08-29 19:36:31,764] {dag.py:2379} INFO - Sync 1 DAGs
[2023-08-29 19:36:31,871] {logging_mixin.py:115} INFO - [2023-08-29 19:36:31,871] {dag.py:2927} INFO - Setting next_dagrun for tutorial_taskflow_api_etl to None, run_after=None
[2023-08-29 19:36:31,955] {processor.py:161} INFO - Processing /home/felipe/extracao_dados/venv/lib/python3.9/site-packages/airflow/example_dags/tutorial_taskflow_api_etl.py took 0.815 seconds
[2023-08-29 19:37:57,247] {processor.py:153} INFO - Started process (PID=19856) to work on /home/felipe/extracao_dados/venv/lib/python3.9/site-packages/airflow/example_dags/tutorial_taskflow_api_etl.py
[2023-08-29 19:37:57,249] {processor.py:641} INFO - Processing file /home/felipe/extracao_dados/venv/lib/python3.9/site-packages/airflow/example_dags/tutorial_taskflow_api_etl.py for tasks to queue
[2023-08-29 19:37:57,252] {logging_mixin.py:115} INFO - [2023-08-29 19:37:57,251] {dagbag.py:507} INFO - Filling up the DagBag from /home/felipe/extracao_dados/venv/lib/python3.9/site-packages/airflow/example_dags/tutorial_taskflow_api_etl.py
[2023-08-29 19:37:57,570] {processor.py:651} INFO - DAG(s) dict_keys(['tutorial_taskflow_api_etl']) retrieved from /home/felipe/extracao_dados/venv/lib/python3.9/site-packages/airflow/example_dags/tutorial_taskflow_api_etl.py
[2023-08-29 19:37:58,252] {logging_mixin.py:115} INFO - [2023-08-29 19:37:58,251] {dag.py:2379} INFO - Sync 1 DAGs
[2023-08-29 19:37:58,466] {logging_mixin.py:115} INFO - [2023-08-29 19:37:58,466] {dag.py:2927} INFO - Setting next_dagrun for tutorial_taskflow_api_etl to None, run_after=None
[2023-08-29 19:37:58,575] {processor.py:161} INFO - Processing /home/felipe/extracao_dados/venv/lib/python3.9/site-packages/airflow/example_dags/tutorial_taskflow_api_etl.py took 1.432 seconds
